        1   0.18000000E+02
        2   0.18000000E+02
        3   0.20000000E+02
        4   0.18000000E+02
        5   0.18000000E+02
        6   0.20000000E+02
        7   0.20000000E+02
        8   0.20000000E+02
        9   0.18000000E+02
       10   0.20000000E+02
       11   0.18000000E+02
       12   0.18000000E+02
       13   0.20000000E+02
       14   0.20000000E+02
       15   0.18000000E+02
       16   0.20000000E+02
       17   0.18000000E+02
       18   0.18000000E+02
       19   0.18000000E+02
       20   0.18000000E+02
       21   0.18000000E+02
       22   0.18000000E+02
       23   0.18000000E+02
       24   0.18000000E+02
       25   0.18000000E+02
       26   0.18000000E+02
       27   0.20375000E+02
       28   0.19625000E+02
       29   0.18000000E+02
       30   0.17625000E+02
       31   0.17625000E+02
       32   0.18000000E+02
       33   0.19875000E+02
       34   0.19875000E+02
       35   0.19500000E+02
       36   0.19125000E+02
       37   0.18000000E+02
       38   0.19625000E+02
       39   0.20375000E+02
       40   0.18375000E+02
       41   0.19125000E+02
       42   0.18375000E+02
       43   0.18375000E+02
       44   0.19875000E+02
       45   0.20375000E+02
       46   0.18000000E+02
       47   0.19500000E+02
       48   0.19625000E+02
       49   0.17250000E+02
       50   0.19625000E+02
       51   0.17625000E+02
       52   0.19125000E+02
       53   0.20375000E+02
       54   0.18750000E+02
       55   0.18000000E+02
       56   0.19500000E+02
       57   0.19875000E+02
       58   0.17250000E+02
       59   0.18375000E+02
       60   0.19875000E+02
       61   0.17625000E+02
       62   0.18000000E+02
       63   0.19500000E+02
       64   0.17625000E+02
       65   0.19875000E+02
       66   0.18000000E+02
       67   0.19125000E+02
       68   0.19125000E+02
       69   0.18375000E+02
       70   0.18375000E+02
       71   0.18000000E+02
       72   0.19125000E+02
       73   0.17625000E+02
       74   0.18750000E+02
       75   0.19875000E+02
       76   0.20296875E+02
       77   0.19015625E+02
       78   0.20109375E+02
       79   0.19203125E+02
       80   0.19500000E+02
       81   0.18875000E+02
       82   0.19781250E+02
       83   0.19875000E+02
       84   0.18968750E+02
       85   0.17625000E+02
       86   0.17578125E+02
       87   0.17671875E+02
       88   0.17859375E+02
       89   0.17765625E+02
       90   0.19125000E+02
       91   0.18546875E+02
       92   0.19453125E+02
       93   0.19640625E+02
       94   0.18734375E+02
       95   0.19500000E+02
       96   0.18781250E+02
       97   0.18875000E+02
       98   0.19968750E+02
       99   0.19875000E+02
      100   0.18375000E+02
      101   0.18234375E+02
      102   0.18328125E+02
      103   0.18421875E+02
      104   0.18140625E+02
      105   0.20250000E+02
      106   0.20437500E+02
      107   0.19531250E+02
      108   0.19437500E+02
      109   0.20343750E+02
      110   0.19125000E+02
      111   0.19640625E+02
      112   0.18546875E+02
      113   0.18546875E+02
      114   0.19640625E+02
      115   0.17625000E+02
      116   0.17671875E+02
      117   0.17765625E+02
      118   0.17765625E+02
      119   0.17671875E+02
      120   0.18750000E+02
      121   0.19312500E+02
      122   0.18218750E+02
      123   0.18312500E+02
      124   0.19406250E+02
      125   0.19875000E+02
      126   0.19203125E+02
      127   0.19203125E+02
      128   0.20109375E+02
      129   0.20109375E+02
      130   0.18375000E+02
      131   0.18328125E+02
      132   0.18234375E+02
      133   0.18234375E+02
      134   0.18328125E+02
      135   0.19125000E+02
      136   0.18546875E+02
      137   0.18546875E+02
      138   0.19640625E+02
      139   0.19640625E+02
      140   0.20250000E+02
      141   0.19531250E+02
      142   0.19437500E+02
      143   0.20343750E+02
      144   0.20437500E+02
      145   0.17625000E+02
      146   0.17671875E+02
      147   0.17765625E+02
      148   0.17765625E+02
      149   0.17671875E+02
      150   0.19500000E+02
      151   0.18875000E+02
      152   0.19781250E+02
      153   0.19875000E+02
      154   0.18968750E+02
      155   0.17625000E+02
      156   0.17671875E+02
      157   0.17859375E+02
      158   0.17765625E+02
      159   0.17578125E+02
      160   0.19875000E+02
      161   0.19015625E+02
      162   0.20296875E+02
      163   0.20109375E+02
      164   0.19203125E+02
      165   0.19500000E+02
      166   0.18781250E+02
      167   0.18875000E+02
      168   0.19968750E+02
      169   0.19875000E+02
      170   0.18375000E+02
      171   0.18140625E+02
      172   0.18328125E+02
      173   0.18234375E+02
      174   0.18421875E+02
      175   0.19125000E+02
      176   0.18546875E+02
      177   0.19453125E+02
      178   0.19640625E+02
      179   0.18734375E+02
      180   0.18750000E+02
      181   0.19312500E+02
      182   0.18218750E+02
      183   0.18312500E+02
      184   0.19406250E+02
      185   0.19875000E+02
      186   0.19203125E+02
      187   0.19203125E+02
      188   0.20109375E+02
      189   0.20109375E+02
      190   0.18375000E+02
      191   0.18328125E+02
      192   0.18234375E+02
      193   0.18234375E+02
      194   0.18328125E+02
      195   0.24133103E+00
      196   0.17278143E+00
      197   0.11458723E+00
      198   0.19833471E+00
      199   0.12678788E+00
      200   0.12634344E+00
      201   0.13250337E+00
      202   0.14272335E+00
      203   0.14041604E+00
      204   0.16337767E+01
      205   0.20810643E+01
      206   0.13185147E+01
      207   0.22128547E+01
      208  -0.52879827E-01
      209   0.96051581E+00
      210   0.14574821E+02
      211   0.14652193E+02
      212   0.12434277E+02
      213   0.91254494E+01
      214   0.98996471E+01
      215   0.10338926E+02
      216   0.12219855E+02
      217   0.12639507E+02
      218   0.12933828E+02
      219   0.12498585E+02
      220   0.15011311E+02
      221   0.10496493E+02
      222   0.22679782E+02
      223   0.22532022E+02
      224   0.26799889E+02
      225   0.26715619E+02
      226   0.32812349E+02
      227   0.31877341E+02
      228   0.36246857E+02
      229   0.35970259E+02
      230   0.19762499E+00
      231   0.18838117E+00
      232   0.17981137E+00
      233   0.15600146E+00
      234   0.15884831E+00
      235   0.14352464E+00
      236   0.14242274E+00
      237   0.14494233E+02
      238   0.20789226E+02
      239   0.16929956E+02
      240   0.18577090E+02
      241   0.13076621E+02
      242   0.18451420E+02
      243   0.15442284E+02
      244   0.15201067E+02
      245   0.11630311E+02
      246   0.15672236E+02
      247   0.14715243E+02
      248   0.13357279E+02
      249   0.17772534E+00
      250   0.21109295E+00
      251   0.16599779E+02
      252   0.18557843E+02
      253   0.17069740E+02
      254   0.15201572E+02
      255   0.17631736E+02
      256   0.15288977E+02
      257   0.16666702E+02
      258   0.13228491E+02
      259   0.15718447E+02
      260   0.18106366E+02
      261   0.16063271E+02
      262   0.16493267E+02
